1600715047005	geckodriver	INFO	Listening on 127.0.0.1:36225
1600715048008	mozrunner::runner	INFO	Running command: "/usr/bin/firefox" "--marionette" "-foreground" "-no-remote" "-profile" "/tmp/rust_mozprofileLK4nfh"
console.error: SearchCache: "_readCacheFile: Error reading cache file:" (new Error("", "(unknown module)"))
1600715050652	Marionette	INFO	Listening on port 41667
1600715050716	Marionette	WARN	TLS certificate errors will be ignored for this session
console.warn: SearchService: "not saving cache on shutdown due to initializing."
console.error: "Could not load engine amazon@search.mozilla.org: Error: Unable to arm timer, the object has been finalized."
console.error: "Could not load engine wikipedia@search.mozilla.org: TypeError: AddonManagerInternal._getProviderByName(...) is undefined"
console.error: "Could not load engine bing@search.mozilla.org: TypeError: AddonManagerInternal._getProviderByName(...) is undefined"
console.error: "Could not load engine ddg@search.mozilla.org: TypeError: AddonManagerInternal._getProviderByName(...) is undefined"
console.error: "Could not load engine ebay@search.mozilla.org: TypeError: AddonManagerInternal._getProviderByName(...) is undefined"
console.warn: SearchService: "_reInit: abandoning reInit due to shutting down"
1600715126618	Marionette	INFO	Stopped listening on port 41667
1600715134668	geckodriver	INFO	Listening on 127.0.0.1:54131
1600715134673	mozrunner::runner	INFO	Running command: "/usr/bin/firefox" "--marionette" "-foreground" "-no-remote" "-profile" "/tmp/rust_mozprofileb4yGv1"
console.error: SearchCache: "_readCacheFile: Error reading cache file:" (new Error("", "(unknown module)"))
1600715137200	Marionette	INFO	Listening on port 42125
1600715137280	Marionette	WARN	TLS certificate errors will be ignored for this session
console.warn: SearchService: "not saving cache on shutdown due to initializing."
console.error: "Could not load engine amazon@search.mozilla.org: Error: Unable to arm timer, the object has been finalized."
console.error: "Could not load engine wikipedia@search.mozilla.org: TypeError: AddonManagerInternal._getProviderByName(...) is undefined"
console.error: "Could not load engine bing@search.mozilla.org: TypeError: AddonManagerInternal._getProviderByName(...) is undefined"
console.error: "Could not load engine ddg@search.mozilla.org: TypeError: AddonManagerInternal._getProviderByName(...) is undefined"
console.error: "Could not load engine ebay@search.mozilla.org: TypeError: AddonManagerInternal._getProviderByName(...) is undefined"
console.warn: SearchService: "_reInit: abandoning reInit due to shutting down"
1600715150691	Marionette	INFO	Stopped listening on port 42125
1600715152124	geckodriver	INFO	Listening on 127.0.0.1:54671
1600715152128	mozrunner::runner	INFO	Running command: "/usr/bin/firefox" "--marionette" "-foreground" "-no-remote" "-profile" "/tmp/rust_mozprofile6qnDGf"
console.error: SearchCache: "_readCacheFile: Error reading cache file:" (new Error("", "(unknown module)"))
1600715154518	Marionette	INFO	Listening on port 35797
1600715154535	Marionette	WARN	TLS certificate errors will be ignored for this session
console.warn: SearchService: "not saving cache on shutdown due to initializing."
JavaScript error: resource://gre/modules/DeferredTask.jsm, line 215: Error: Unable to arm timer, the object has been finalized.
console.error: "Could not load engine google@search.mozilla.org: TypeError: policy is null"
console.error: "Could not load engine amazon@search.mozilla.org: TypeError: AddonManagerInternal._getProviderByName(...) is undefined"
console.error: "Could not load engine wikipedia@search.mozilla.org: TypeError: AddonManagerInternal._getProviderByName(...) is undefined"
console.error: "Could not load engine bing@search.mozilla.org: TypeError: AddonManagerInternal._getProviderByName(...) is undefined"
console.error: "Could not load engine ddg@search.mozilla.org: TypeError: AddonManagerInternal._getProviderByName(...) is undefined"
console.error: "Could not load engine ebay@search.mozilla.org: TypeError: AddonManagerInternal._getProviderByName(...) is undefined"
console.warn: SearchService: "_reInit: abandoning reInit due to shutting down"
JavaScript error: resource://gre/modules/DeferredTask.jsm, line 215: Error: Unable to arm timer, the object has been finalized.
JavaScript error: resource://gre/modules/AsyncShutdown.jsm, line 554: uncaught exception: 2147500036
1600715283320	Marionette	INFO	Stopped listening on port 35797
1600715285192	geckodriver	INFO	Listening on 127.0.0.1:41385
1600715285197	mozrunner::runner	INFO	Running command: "/usr/bin/firefox" "--marionette" "-foreground" "-no-remote" "-profile" "/tmp/rust_mozprofileG9Hem3"
console.error: SearchCache: "_readCacheFile: Error reading cache file:" (new Error("", "(unknown module)"))
1600715287854	Marionette	INFO	Listening on port 42611
1600715287904	Marionette	WARN	TLS certificate errors will be ignored for this session
console.warn: SearchService: "not saving cache on shutdown due to initializing."
console.error: "Could not load engine amazon@search.mozilla.org: [Exception... \"AddonManager is not initialized\"  nsresult: \"0xc1f30001 (NS_ERROR_NOT_INITIALIZED)\"  location: \"JS frame :: resource://gre/modules/AddonManager.jsm :: callAddonListeners :: line 1580\"  data: no]"
console.error: "Could not load engine wikipedia@search.mozilla.org: [Exception... \"AddonManager is not initialized\"  nsresult: \"0xc1f30001 (NS_ERROR_NOT_INITIALIZED)\"  location: \"JS frame :: resource://gre/modules/AddonManager.jsm :: installBuiltinAddon :: line 2529\"  data: no]"
console.error: "Could not load engine bing@search.mozilla.org: [Exception... \"AddonManager is not initialized\"  nsresult: \"0xc1f30001 (NS_ERROR_NOT_INITIALIZED)\"  location: \"JS frame :: resource://gre/modules/AddonManager.jsm :: installBuiltinAddon :: line 2529\"  data: no]"
console.error: "Could not load engine ddg@search.mozilla.org: [Exception... \"AddonManager is not initialized\"  nsresult: \"0xc1f30001 (NS_ERROR_NOT_INITIALIZED)\"  location: \"JS frame :: resource://gre/modules/AddonManager.jsm :: installBuiltinAddon :: line 2529\"  data: no]"
console.error: "Could not load engine ebay@search.mozilla.org: [Exception... \"AddonManager is not initialized\"  nsresult: \"0xc1f30001 (NS_ERROR_NOT_INITIALIZED)\"  location: \"JS frame :: resource://gre/modules/AddonManager.jsm :: installBuiltinAddon :: line 2529\"  data: no]"
console.warn: SearchService: "_reInit: abandoning reInit due to shutting down"
1600715314002	Marionette	INFO	Stopped listening on port 42611
1600715331798	geckodriver	INFO	Listening on 127.0.0.1:53719
1600715331803	mozrunner::runner	INFO	Running command: "/usr/bin/firefox" "--marionette" "-foreground" "-no-remote" "-profile" "/tmp/rust_mozprofileKIUMEl"
console.error: SearchCache: "_readCacheFile: Error reading cache file:" (new Error("", "(unknown module)"))
1600715334408	Marionette	INFO	Listening on port 39985
1600715334417	Marionette	WARN	TLS certificate errors will be ignored for this session
console.warn: SearchService: "not saving cache on shutdown due to initializing."
console.error: "Could not load engine wikipedia@search.mozilla.org: Error: Unable to arm timer, the object has been finalized."
console.error: "Could not load engine bing@search.mozilla.org: TypeError: AddonManagerInternal._getProviderByName(...) is undefined"
console.error: "Could not load engine amazon@search.mozilla.org: TypeError: AddonManagerInternal._getProviderByName(...) is undefined"
console.error: "Could not load engine ddg@search.mozilla.org: TypeError: AddonManagerInternal._getProviderByName(...) is undefined"
console.error: "Could not load engine ebay@search.mozilla.org: TypeError: AddonManagerInternal._getProviderByName(...) is undefined"
console.warn: SearchService: "_reInit: abandoning reInit due to shutting down"
1600718321009	Marionette	INFO	Stopped listening on port 39985
1600718322287	geckodriver	INFO	Listening on 127.0.0.1:39415
1600718322292	mozrunner::runner	INFO	Running command: "/usr/bin/firefox" "--marionette" "-foreground" "-no-remote" "-profile" "/tmp/rust_mozprofileqt9ue1"
console.error: SearchCache: "_readCacheFile: Error reading cache file:" (new Error("", "(unknown module)"))
1600718325107	Marionette	INFO	Listening on port 36651
1600718325200	Marionette	WARN	TLS certificate errors will be ignored for this session
console.warn: SearchService: "not saving cache on shutdown due to initializing."
console.error: "Could not load engine amazon@search.mozilla.org: Error: Unable to arm timer, the object has been finalized."
console.error: "Could not load engine wikipedia@search.mozilla.org: TypeError: AddonManagerInternal._getProviderByName(...) is undefined"
console.error: "Could not load engine bing@search.mozilla.org: TypeError: AddonManagerInternal._getProviderByName(...) is undefined"
console.error: "Could not load engine ddg@search.mozilla.org: TypeError: AddonManagerInternal._getProviderByName(...) is undefined"
console.error: "Could not load engine ebay@search.mozilla.org: TypeError: AddonManagerInternal._getProviderByName(...) is undefined"
console.warn: SearchService: "_reInit: abandoning reInit due to shutting down"
1600718347768	Marionette	INFO	Stopped listening on port 36651
1600718348606	geckodriver	INFO	Listening on 127.0.0.1:57621
1600718348611	mozrunner::runner	INFO	Running command: "/usr/bin/firefox" "--marionette" "-foreground" "-no-remote" "-profile" "/tmp/rust_mozprofileYJ78jF"
console.error: SearchCache: "_readCacheFile: Error reading cache file:" (new Error("", "(unknown module)"))
1600718351376	Marionette	INFO	Listening on port 46399
1600718351497	Marionette	WARN	TLS certificate errors will be ignored for this session
IPDL protocol error: Handler returned error code!

###!!! [Parent][DispatchAsyncMessage] Error: PLayerTransaction::Msg_ReleaseLayer Processing error: message was deserialized, but the handler returned false (indicating failure)

console.warn: SearchService: "not saving cache on shutdown due to initializing."
console.error: "Could not load engine amazon@search.mozilla.org: Error: Unable to arm timer, the object has been finalized."
console.error: "Could not load engine wikipedia@search.mozilla.org: TypeError: AddonManagerInternal._getProviderByName(...) is undefined"
console.error: "Could not load engine bing@search.mozilla.org: TypeError: AddonManagerInternal._getProviderByName(...) is undefined"
console.error: "Could not load engine ddg@search.mozilla.org: TypeError: AddonManagerInternal._getProviderByName(...) is undefined"
console.error: "Could not load engine ebay@search.mozilla.org: TypeError: AddonManagerInternal._getProviderByName(...) is undefined"
console.warn: SearchService: "_reInit: abandoning reInit due to shutting down"
1600718451726	Marionette	INFO	Stopped listening on port 46399
1600718452707	geckodriver	INFO	Listening on 127.0.0.1:50977
1600718452712	mozrunner::runner	INFO	Running command: "/usr/bin/firefox" "--marionette" "-foreground" "-no-remote" "-profile" "/tmp/rust_mozprofileGyZJdp"
console.error: SearchCache: "_readCacheFile: Error reading cache file:" (new Error("", "(unknown module)"))
1600718455355	Marionette	INFO	Listening on port 37003
1600718455421	Marionette	WARN	TLS certificate errors will be ignored for this session
console.error: (new TypeError("parent is null", "resource://devtools/client/inspector/shared/style-change-tracker.js", 67))
TypeError: parent is null: canMutationImpactCurrentStyles@resource://devtools/client/inspector/shared/style-change-tracker.js:67:24
onMutations@resource://devtools/client/inspector/shared/style-change-tracker.js:84:41
_emit@resource://devtools/shared/event-emitter.js:226:34
emit@resource://devtools/shared/event-emitter.js:172:18
emit@resource://devtools/shared/event-emitter.js:324:18
getMutations@resource://devtools/client/fronts/walker.js:406:10

1600718483386	Marionette	INFO	Stopped listening on port 37003
1600718484753	geckodriver	INFO	Listening on 127.0.0.1:37279
1600718484758	mozrunner::runner	INFO	Running command: "/usr/bin/firefox" "--marionette" "-foreground" "-no-remote" "-profile" "/tmp/rust_mozprofileeeMQKg"
console.error: SearchCache: "_readCacheFile: Error reading cache file:" (new Error("", "(unknown module)"))
1600718487345	Marionette	INFO	Listening on port 46063
1600718487372	Marionette	WARN	TLS certificate errors will be ignored for this session
1600718679156	geckodriver	INFO	Listening on 127.0.0.1:58729
1600718679160	mozrunner::runner	INFO	Running command: "/usr/bin/firefox" "--marionette" "-foreground" "-no-remote" "-profile" "/tmp/rust_mozprofilejZeLB0"
console.error: SearchCache: "_readCacheFile: Error reading cache file:" (new Error("", "(unknown module)"))
1600718681717	Marionette	INFO	Listening on port 34015
1600718681773	Marionette	WARN	TLS certificate errors will be ignored for this session
1600718698233	Marionette	INFO	Stopped listening on port 34015
1600718748329	geckodriver	INFO	Listening on 127.0.0.1:41155
1600718748333	mozrunner::runner	INFO	Running command: "/usr/bin/firefox" "--marionette" "-foreground" "-no-remote" "-profile" "/tmp/rust_mozprofileREGH5u"
console.error: SearchCache: "_readCacheFile: Error reading cache file:" (new Error("", "(unknown module)"))
1600718750890	Marionette	INFO	Listening on port 41063
1600718750941	Marionette	WARN	TLS certificate errors will be ignored for this session
1600718762250	Marionette	INFO	Stopped listening on port 41063
IPDL protocol error: Handler returned error code!

###!!! [Parent][DispatchAsyncMessage] Error: PLayerTransaction::Msg_ReleaseLayer Processing error: message was deserialized, but the handler returned false (indicating failure)

console.warn: SearchService: "not saving cache on shutdown due to initializing."
console.error: "Could not load engine amazon@search.mozilla.org: Error: Unable to arm timer, the object has been finalized."
console.error: "Could not load engine wikipedia@search.mozilla.org: TypeError: AddonManagerInternal._getProviderByName(...) is undefined"
console.error: "Could not load engine bing@search.mozilla.org: TypeError: AddonManagerInternal._getProviderByName(...) is undefined"
console.error: "Could not load engine ddg@search.mozilla.org: TypeError: AddonManagerInternal._getProviderByName(...) is undefined"
console.error: "Could not load engine ebay@search.mozilla.org: TypeError: AddonManagerInternal._getProviderByName(...) is undefined"
console.warn: SearchService: "_reInit: abandoning reInit due to shutting down"
1600718765751	Marionette	INFO	Stopped listening on port 46063
